# JRE version: Java(TM) SE Runtime Environment (8.0_31-b13) (build 1.8.0_31-b13)
# Java VM: Java HotSpot(TM) 64-Bit Server VM (25.31-b07 mixed mode windows-amd64 compressed oops)
Heap:
 PSYoungGen      total 388096K, used 388087K [0x00000000e0000000, 0x0000000100000000, 0x0000000100000000)
  eden space 314368K, 100% used [0x00000000e0000000,0x00000000f3300000,0x00000000f3300000)
  from space 73728K, 99% used [0x00000000f9300000,0x00000000fdafdd40,0x00000000fdb00000)
  to   space 98304K, 20% used [0x00000000f3300000,0x00000000f4656470,0x00000000f9300000)
 ParOldGen       total 268288K, used 114809K [0x00000000a0000000, 0x00000000b0600000, 0x00000000e0000000)
  object space 268288K, 42% used [0x00000000a0000000,0x00000000a701e4e0,0x00000000b0600000)
 Metaspace       used 146357K, capacity 151542K, committed 151936K, reserved 1181696K
  class space    used 18791K, capacity 19678K, committed 19840K, reserved 1048576K
GC Heap History (10 events):
Event: 5073.698 GC heap before
{Heap before GC invocations=25 (full 4):
 PSYoungGen      total 318464K, used 318457K [0x00000000e0000000, 0x00000000fdb00000, 0x0000000100000000)
  eden space 269824K, 100% used [0x00000000e0000000,0x00000000f0780000,0x00000000f0780000)
  from space 48640K, 99% used [0x00000000f5a00000,0x00000000f897e448,0x00000000f8980000)
  to   space 84480K, 0% used [0x00000000f0780000,0x00000000f0780000,0x00000000f5a00000)
 ParOldGen       total 172544K, used 125639K [0x00000000a0000000, 0x00000000aa880000, 0x00000000e0000000)
  object space 172544K, 72% used [0x00000000a0000000,0x00000000a7ab1d38,0x00000000aa880000)
 Metaspace       used 134346K, capacity 138956K, committed 139136K, reserved 1169408K
  class space    used 17508K, capacity 18395K, committed 18560K, reserved 1048576K
Event: 5073.868 GC heap after
Heap after GC invocations=25 (full 4):
 PSYoungGen      total 354304K, used 22400K [0x00000000e0000000, 0x00000000fc900000, 0x0000000100000000)
  eden space 269824K, 0% used [0x00000000e0000000,0x00000000e0000000,0x00000000f0780000)
  from space 84480K, 26% used [0x00000000f0780000,0x00000000f1d60318,0x00000000f5a00000)
  to   space 80384K, 0% used [0x00000000f7a80000,0x00000000f7a80000,0x00000000fc900000)
 ParOldGen       total 172544K, used 164266K [0x00000000a0000000, 0x00000000aa880000, 0x00000000e0000000)
  object space 172544K, 95% used [0x00000000a0000000,0x00000000aa06ab88,0x00000000aa880000)
 Metaspace       used 134346K, capacity 138956K, committed 139136K, reserved 1169408K
  class space    used 17508K, capacity 18395K, committed 18560K, reserved 1048576K
}
Event: 5073.868 GC heap before
{Heap before GC invocations=26 (full 5):
 PSYoungGen      total 354304K, used 22400K [0x00000000e0000000, 0x00000000fc900000, 0x0000000100000000)
  eden space 269824K, 0% used [0x00000000e0000000,0x00000000e0000000,0x00000000f0780000)
  from space 84480K, 26% used [0x00000000f0780000,0x00000000f1d60318,0x00000000f5a00000)
  to   space 80384K, 0% used [0x00000000f7a80000,0x00000000f7a80000,0x00000000fc900000)
 ParOldGen       total 172544K, used 164266K [0x00000000a0000000, 0x00000000aa880000, 0x00000000e0000000)
  object space 172544K, 95% used [0x00000000a0000000,0x00000000aa06ab88,0x00000000aa880000)
 Metaspace       used 134346K, capacity 138956K, committed 139136K, reserved 1169408K
  class space    used 17508K, capacity 18395K, committed 18560K, reserved 1048576K
Event: 5074.314 GC heap after
Heap after GC invocations=26 (full 5):
 PSYoungGen      total 354304K, used 0K [0x00000000e0000000, 0x00000000fc900000, 0x0000000100000000)
  eden space 269824K, 0% used [0x00000000e0000000,0x00000000e0000000,0x00000000f0780000)
  from space 84480K, 0% used [0x00000000f0780000,0x00000000f0780000,0x00000000f5a00000)
  to   space 80384K, 0% used [0x00000000f7a80000,0x00000000f7a80000,0x00000000fc900000)
 ParOldGen       total 268288K, used 81742K [0x00000000a0000000, 0x00000000b0600000, 0x00000000e0000000)
  object space 268288K, 30% used [0x00000000a0000000,0x00000000a4fd3810,0x00000000b0600000)
 Metaspace       used 134257K, capacity 138734K, committed 139136K, reserved 1169408K
  class space    used 17474K, capacity 18340K, committed 18560K, reserved 1048576K
}
Event: 5080.999 GC heap before
{Heap before GC invocations=27 (full 5):
 PSYoungGen      total 354304K, used 267069K [0x00000000e0000000, 0x00000000fc900000, 0x0000000100000000)
  eden space 269824K, 98% used [0x00000000e0000000,0x00000000f04cf770,0x00000000f0780000)
  from space 84480K, 0% used [0x00000000f0780000,0x00000000f0780000,0x00000000f5a00000)
  to   space 80384K, 0% used [0x00000000f7a80000,0x00000000f7a80000,0x00000000fc900000)
 ParOldGen       total 268288K, used 81742K [0x00000000a0000000, 0x00000000b0600000, 0x00000000e0000000)
  object space 268288K, 30% used [0x00000000a0000000,0x00000000a4fd3810,0x00000000b0600000)
 Metaspace       used 136576K, capacity 141270K, committed 141440K, reserved 1171456K
  class space    used 17798K, capacity 18660K, committed 18816K, reserved 1048576K
Event: 5081.015 GC heap after
Heap after GC invocations=27 (full 5):
 PSYoungGen      total 378368K, used 16144K [0x00000000e0000000, 0x00000000fc180000, 0x0000000100000000)
  eden space 305664K, 0% used [0x00000000e0000000,0x00000000e0000000,0x00000000f2a80000)
  from space 72704K, 22% used [0x00000000f7a80000,0x00000000f8a44360,0x00000000fc180000)
  to   space 77312K, 0% used [0x00000000f2a80000,0x00000000f2a80000,0x00000000f7600000)
 ParOldGen       total 268288K, used 81750K [0x00000000a0000000, 0x00000000b0600000, 0x00000000e0000000)
  object space 268288K, 30% used [0x00000000a0000000,0x00000000a4fd5810,0x00000000b0600000)
 Metaspace       used 136576K, capacity 141270K, committed 141440K, reserved 1171456K
  class space    used 17798K, capacity 18660K, committed 18816K, reserved 1048576K
}
Event: 5508.797 GC heap before
{Heap before GC invocations=28 (full 5):
 PSYoungGen      total 378368K, used 321808K [0x00000000e0000000, 0x00000000fc180000, 0x0000000100000000)
  eden space 305664K, 100% used [0x00000000e0000000,0x00000000f2a80000,0x00000000f2a80000)
  from space 72704K, 22% used [0x00000000f7a80000,0x00000000f8a44360,0x00000000fc180000)
  to   space 77312K, 0% used [0x00000000f2a80000,0x00000000f2a80000,0x00000000f7600000)
 ParOldGen       total 268288K, used 81750K [0x00000000a0000000, 0x00000000b0600000, 0x00000000e0000000)
  object space 268288K, 30% used [0x00000000a0000000,0x00000000a4fd5810,0x00000000b0600000)
 Metaspace       used 141337K, capacity 146436K, committed 146816K, reserved 1177600K
  class space    used 18288K, capacity 19165K, committed 19328K, reserved 1048576K
Event: 5508.829 GC heap after
Heap after GC invocations=28 (full 5):
 PSYoungGen      total 382976K, used 17856K [0x00000000e0000000, 0x00000000fdb00000, 0x0000000100000000)
  eden space 305664K, 0% used [0x00000000e0000000,0x00000000e0000000,0x00000000f2a80000)
  from space 77312K, 23% used [0x00000000f2a80000,0x00000000f3bf0398,0x00000000f7600000)
  to   space 73728K, 0% used [0x00000000f9300000,0x00000000f9300000,0x00000000fdb00000)
 ParOldGen       total 268288K, used 81758K [0x00000000a0000000, 0x00000000b0600000, 0x00000000e0000000)
  object space 268288K, 30% used [0x00000000a0000000,0x00000000a4fd7810,0x00000000b0600000)
 Metaspace       used 141337K, capacity 146436K, committed 146816K, reserved 1177600K
  class space    used 18288K, capacity 19165K, committed 19328K, reserved 1048576K
}
Event: 5512.397 GC heap before
{Heap before GC invocations=29 (full 5):
 PSYoungGen      total 382976K, used 323520K [0x00000000e0000000, 0x00000000fdb00000, 0x0000000100000000)
  eden space 305664K, 100% used [0x00000000e0000000,0x00000000f2a80000,0x00000000f2a80000)
  from space 77312K, 23% used [0x00000000f2a80000,0x00000000f3bf0398,0x00000000f7600000)
  to   space 73728K, 0% used [0x00000000f9300000,0x00000000f9300000,0x00000000fdb00000)
 ParOldGen       total 268288K, used 81758K [0x00000000a0000000, 0x00000000b0600000, 0x00000000e0000000)
  object space 268288K, 30% used [0x00000000a0000000,0x00000000a4fd7810,0x00000000b0600000)
 Metaspace       used 146146K, capacity 151324K, committed 151680K, reserved 1181696K
  class space    used 18788K, capacity 19673K, committed 19840K, reserved 1048576K
Event: 5512.584 GC heap after
Heap after GC invocations=29 (full 5):
 PSYoungGen      total 388096K, used 73719K [0x00000000e0000000, 0x0000000100000000, 0x0000000100000000)
  eden space 314368K, 0% used [0x00000000e0000000,0x00000000e0000000,0x00000000f3300000)
  from space 73728K, 99% used [0x00000000f9300000,0x00000000fdafdd40,0x00000000fdb00000)
  to   space 98304K, 0% used [0x00000000f3300000,0x00000000f3300000,0x00000000f9300000)
 ParOldGen       total 268288K, used 113043K [0x00000000a0000000, 0x00000000b0600000, 0x00000000e0000000)
  object space 268288K, 42% used [0x00000000a0000000,0x00000000a6e64ea8,0x00000000b0600000)
 Metaspace       used 146146K, capacity 151324K, committed 151680K, reserved 1181696K
  class space    used 18788K, capacity 19673K, committed 19840K, reserved 1048576K
}

