# JRE version: Java(TM) SE Runtime Environment (8.0_31-b13) (build 1.8.0_31-b13)
# Java VM: Java HotSpot(TM) 64-Bit Server VM (25.31-b07 mixed mode windows-amd64 compressed oops)
Heap:
 PSYoungGen      total 315904K, used 98043K [0x00000000e0000000, 0x00000000fad80000, 0x0000000100000000)
  eden space 245248K, 17% used [0x00000000e0000000,0x00000000e2a2f040,0x00000000eef80000)
  from space 70656K, 77% used [0x00000000eef80000,0x00000000f250ffa0,0x00000000f3480000)
  to   space 76800K, 0% used [0x00000000f6280000,0x00000000f6280000,0x00000000fad80000)
 ParOldGen       total 279552K, used 123575K [0x00000000a0000000, 0x00000000b1100000, 0x00000000e0000000)
  object space 279552K, 44% used [0x00000000a0000000,0x00000000a78adc98,0x00000000b1100000)
 Metaspace       used 108272K, capacity 112286K, committed 112552K, reserved 1146880K
  class space    used 14458K, capacity 15245K, committed 15272K, reserved 1048576K
GC Heap History (10 events):
Event: 2307.407 GC heap before
{Heap before GC invocations=19 (full 3):
 PSYoungGen      total 235520K, used 235503K [0x00000000e0000000, 0x00000000f2980000, 0x0000000100000000)
  eden space 212992K, 100% used [0x00000000e0000000,0x00000000ed000000,0x00000000ed000000)
  from space 22528K, 99% used [0x00000000ed000000,0x00000000ee5fbed8,0x00000000ee600000)
  to   space 27136K, 0% used [0x00000000f0f00000,0x00000000f0f00000,0x00000000f2980000)
 ParOldGen       total 128000K, used 45683K [0x00000000a0000000, 0x00000000a7d00000, 0x00000000e0000000)
  object space 128000K, 35% used [0x00000000a0000000,0x00000000a2c9cd20,0x00000000a7d00000)
 Metaspace       used 92833K, capacity 95560K, committed 95656K, reserved 1132544K
  class space    used 12368K, capacity 12966K, committed 12968K, reserved 1048576K
Event: 2307.553 GC heap after
Heap after GC invocations=19 (full 3):
 PSYoungGen      total 247296K, used 27130K [0x00000000e0000000, 0x00000000f6600000, 0x0000000100000000)
  eden space 220160K, 0% used [0x00000000e0000000,0x00000000e0000000,0x00000000ed700000)
  from space 27136K, 99% used [0x00000000f0f00000,0x00000000f297eb50,0x00000000f2980000)
  to   space 57344K, 0% used [0x00000000ed700000,0x00000000ed700000,0x00000000f0f00000)
 ParOldGen       total 128000K, used 115890K [0x00000000a0000000, 0x00000000a7d00000, 0x00000000e0000000)
  object space 128000K, 90% used [0x00000000a0000000,0x00000000a712cb90,0x00000000a7d00000)
 Metaspace       used 92833K, capacity 95560K, committed 95656K, reserved 1132544K
  class space    used 12368K, capacity 12966K, committed 12968K, reserved 1048576K
}
Event: 2307.553 GC heap before
{Heap before GC invocations=20 (full 4):
 PSYoungGen      total 247296K, used 27130K [0x00000000e0000000, 0x00000000f6600000, 0x0000000100000000)
  eden space 220160K, 0% used [0x00000000e0000000,0x00000000e0000000,0x00000000ed700000)
  from space 27136K, 99% used [0x00000000f0f00000,0x00000000f297eb50,0x00000000f2980000)
  to   space 57344K, 0% used [0x00000000ed700000,0x00000000ed700000,0x00000000f0f00000)
 ParOldGen       total 128000K, used 115890K [0x00000000a0000000, 0x00000000a7d00000, 0x00000000e0000000)
  object space 128000K, 90% used [0x00000000a0000000,0x00000000a712cb90,0x00000000a7d00000)
 Metaspace       used 92833K, capacity 95560K, committed 95656K, reserved 1132544K
  class space    used 12368K, capacity 12966K, committed 12968K, reserved 1048576K
Event: 2308.428 GC heap after
Heap after GC invocations=20 (full 4):
 PSYoungGen      total 247296K, used 0K [0x00000000e0000000, 0x00000000f6600000, 0x0000000100000000)
  eden space 220160K, 0% used [0x00000000e0000000,0x00000000e0000000,0x00000000ed700000)
  from space 27136K, 0% used [0x00000000f0f00000,0x00000000f0f00000,0x00000000f2980000)
  to   space 57344K, 0% used [0x00000000ed700000,0x00000000ed700000,0x00000000f0f00000)
 ParOldGen       total 279552K, used 123551K [0x00000000a0000000, 0x00000000b1100000, 0x00000000e0000000)
  object space 279552K, 44% used [0x00000000a0000000,0x00000000a78a7c98,0x00000000b1100000)
 Metaspace       used 92698K, capacity 95338K, committed 95656K, reserved 1132544K
  class space    used 12345K, capacity 12927K, committed 12968K, reserved 1048576K
}
Event: 2311.858 GC heap before
{Heap before GC invocations=21 (full 4):
 PSYoungGen      total 247296K, used 220160K [0x00000000e0000000, 0x00000000f6600000, 0x0000000100000000)
  eden space 220160K, 100% used [0x00000000e0000000,0x00000000ed700000,0x00000000ed700000)
  from space 27136K, 0% used [0x00000000f0f00000,0x00000000f0f00000,0x00000000f2980000)
  to   space 57344K, 0% used [0x00000000ed700000,0x00000000ed700000,0x00000000f0f00000)
 ParOldGen       total 279552K, used 123551K [0x00000000a0000000, 0x00000000b1100000, 0x00000000e0000000)
  object space 279552K, 44% used [0x00000000a0000000,0x00000000a78a7c98,0x00000000b1100000)
 Metaspace       used 96580K, capacity 99238K, committed 99624K, reserved 1136640K
  class space    used 12728K, capacity 13261K, committed 13352K, reserved 1048576K
Event: 2311.923 GC heap after
Heap after GC invocations=21 (full 4):
 PSYoungGen      total 277504K, used 40920K [0x00000000e0000000, 0x00000000f7000000, 0x0000000100000000)
  eden space 220160K, 0% used [0x00000000e0000000,0x00000000e0000000,0x00000000ed700000)
  from space 57344K, 71% used [0x00000000ed700000,0x00000000efef63a0,0x00000000f0f00000)
  to   space 60928K, 0% used [0x00000000f3480000,0x00000000f3480000,0x00000000f7000000)
 ParOldGen       total 279552K, used 123559K [0x00000000a0000000, 0x00000000b1100000, 0x00000000e0000000)
  object space 279552K, 44% used [0x00000000a0000000,0x00000000a78a9c98,0x00000000b1100000)
 Metaspace       used 96580K, capacity 99238K, committed 99624K, reserved 1136640K
  class space    used 12728K, capacity 13261K, committed 13352K, reserved 1048576K
}
Event: 2318.908 GC heap before
{Heap before GC invocations=22 (full 4):
 PSYoungGen      total 277504K, used 261080K [0x00000000e0000000, 0x00000000f7000000, 0x0000000100000000)
  eden space 220160K, 100% used [0x00000000e0000000,0x00000000ed700000,0x00000000ed700000)
  from space 57344K, 71% used [0x00000000ed700000,0x00000000efef63a0,0x00000000f0f00000)
  to   space 60928K, 0% used [0x00000000f3480000,0x00000000f3480000,0x00000000f7000000)
 ParOldGen       total 279552K, used 123559K [0x00000000a0000000, 0x00000000b1100000, 0x00000000e0000000)
  object space 279552K, 44% used [0x00000000a0000000,0x00000000a78a9c98,0x00000000b1100000)
 Metaspace       used 104923K, capacity 108516K, committed 108712K, reserved 1142784K
  class space    used 13953K, capacity 14660K, committed 14760K, reserved 1048576K
Event: 2318.993 GC heap after
Heap after GC invocations=22 (full 4):
 PSYoungGen      total 306176K, used 59049K [0x00000000e0000000, 0x00000000f8380000, 0x0000000100000000)
  eden space 245248K, 0% used [0x00000000e0000000,0x00000000e0000000,0x00000000eef80000)
  from space 60928K, 96% used [0x00000000f3480000,0x00000000f6e2a7c0,0x00000000f7000000)
  to   space 70656K, 0% used [0x00000000eef80000,0x00000000eef80000,0x00000000f3480000)
 ParOldGen       total 279552K, used 123567K [0x00000000a0000000, 0x00000000b1100000, 0x00000000e0000000)
  object space 279552K, 44% used [0x00000000a0000000,0x00000000a78abc98,0x00000000b1100000)
 Metaspace       used 104923K, capacity 108516K, committed 108712K, reserved 1142784K
  class space    used 13953K, capacity 14660K, committed 14760K, reserved 1048576K
}
Event: 2323.143 GC heap before
{Heap before GC invocations=23 (full 4):
 PSYoungGen      total 306176K, used 304297K [0x00000000e0000000, 0x00000000f8380000, 0x0000000100000000)
  eden space 245248K, 100% used [0x00000000e0000000,0x00000000eef80000,0x00000000eef80000)
  from space 60928K, 96% used [0x00000000f3480000,0x00000000f6e2a7c0,0x00000000f7000000)
  to   space 70656K, 0% used [0x00000000eef80000,0x00000000eef80000,0x00000000f3480000)
 ParOldGen       total 279552K, used 123567K [0x00000000a0000000, 0x00000000b1100000, 0x00000000e0000000)
  object space 279552K, 44% used [0x00000000a0000000,0x00000000a78abc98,0x00000000b1100000)
 Metaspace       used 107252K, capacity 111172K, committed 111272K, reserved 1144832K
  class space    used 14278K, capacity 14996K, committed 15016K, reserved 1048576K
Event: 2323.209 GC heap after
Heap after GC invocations=23 (full 4):
 PSYoungGen      total 315904K, used 54847K [0x00000000e0000000, 0x00000000fad80000, 0x0000000100000000)
  eden space 245248K, 0% used [0x00000000e0000000,0x00000000e0000000,0x00000000eef80000)
  from space 70656K, 77% used [0x00000000eef80000,0x00000000f250ffa0,0x00000000f3480000)
  to   space 76800K, 0% used [0x00000000f6280000,0x00000000f6280000,0x00000000fad80000)
 ParOldGen       total 279552K, used 123575K [0x00000000a0000000, 0x00000000b1100000, 0x00000000e0000000)
  object space 279552K, 44% used [0x00000000a0000000,0x00000000a78adc98,0x00000000b1100000)
 Metaspace       used 107252K, capacity 111172K, committed 111272K, reserved 1144832K
  class space    used 14278K, capacity 14996K, committed 15016K, reserved 1048576K
}

