# JRE version: Java(TM) SE Runtime Environment (8.0_31-b13) (build 1.8.0_31-b13)
# Java VM: Java HotSpot(TM) 64-Bit Server VM (25.31-b07 mixed mode windows-amd64 compressed oops)
Heap:
 PSYoungGen      total 254976K, used 79146K [0x00000000e0000000, 0x00000000fe880000, 0x0000000100000000)
  eden space 218624K, 19% used [0x00000000e0000000,0x00000000e2a3df98,0x00000000ed580000)
  from space 36352K, 98% used [0x00000000ed580000,0x00000000ef88cbc0,0x00000000ef900000)
  to   space 140800K, 0% used [0x00000000f5f00000,0x00000000f5f00000,0x00000000fe880000)
 ParOldGen       total 273920K, used 166467K [0x00000000a0000000, 0x00000000b0b80000, 0x00000000e0000000)
  object space 273920K, 60% used [0x00000000a0000000,0x00000000aa290ed8,0x00000000b0b80000)
 Metaspace       used 137926K, capacity 146054K, committed 146304K, reserved 1177600K
  class space    used 17021K, capacity 18540K, committed 18560K, reserved 1048576K
GC Heap History (10 events):
Event: 10550.677 GC heap before
{Heap before GC invocations=77 (full 6):
 PSYoungGen      total 386560K, used 263382K [0x00000000e0000000, 0x00000000ff800000, 0x0000000100000000)
  eden space 254464K, 100% used [0x00000000e0000000,0x00000000ef880000,0x00000000ef880000)
  from space 132096K, 6% used [0x00000000f7680000,0x00000000f7f35aa0,0x00000000ff780000)
  to   space 129024K, 0% used [0x00000000ef880000,0x00000000ef880000,0x00000000f7680000)
 ParOldGen       total 273920K, used 146686K [0x00000000a0000000, 0x00000000b0b80000, 0x00000000e0000000)
  object space 273920K, 53% used [0x00000000a0000000,0x00000000a8f3f810,0x00000000b0b80000)
 Metaspace       used 135025K, capacity 143092K, committed 143488K, reserved 1175552K
  class space    used 16706K, capacity 18181K, committed 18304K, reserved 1048576K
Event: 10550.737 GC heap after
Heap after GC invocations=77 (full 6):
 PSYoungGen      total 383488K, used 18083K [0x00000000e0000000, 0x00000000ff200000, 0x0000000100000000)
  eden space 254464K, 0% used [0x00000000e0000000,0x00000000e0000000,0x00000000ef880000)
  from space 129024K, 14% used [0x00000000ef880000,0x00000000f0a28da8,0x00000000f7680000)
  to   space 123392K, 0% used [0x00000000f7980000,0x00000000f7980000,0x00000000ff200000)
 ParOldGen       total 273920K, used 147122K [0x00000000a0000000, 0x00000000b0b80000, 0x00000000e0000000)
  object space 273920K, 53% used [0x00000000a0000000,0x00000000a8fac820,0x00000000b0b80000)
 Metaspace       used 135025K, capacity 143092K, committed 143488K, reserved 1175552K
  class space    used 16706K, capacity 18181K, committed 18304K, reserved 1048576K
}
Event: 10553.168 GC heap before
{Heap before GC invocations=78 (full 6):
 PSYoungGen      total 383488K, used 272547K [0x00000000e0000000, 0x00000000ff200000, 0x0000000100000000)
  eden space 254464K, 100% used [0x00000000e0000000,0x00000000ef880000,0x00000000ef880000)
  from space 129024K, 14% used [0x00000000ef880000,0x00000000f0a28da8,0x00000000f7680000)
  to   space 123392K, 0% used [0x00000000f7980000,0x00000000f7980000,0x00000000ff200000)
 ParOldGen       total 273920K, used 147122K [0x00000000a0000000, 0x00000000b0b80000, 0x00000000e0000000)
  object space 273920K, 53% used [0x00000000a0000000,0x00000000a8fac820,0x00000000b0b80000)
 Metaspace       used 137698K, capacity 145788K, committed 146048K, reserved 1177600K
  class space    used 16976K, capacity 18481K, committed 18560K, reserved 1048576K
Event: 10553.352 GC heap after
Heap after GC invocations=78 (full 6):
 PSYoungGen      total 344576K, used 123389K [0x00000000e0000000, 0x0000000100000000, 0x0000000100000000)
  eden space 221184K, 0% used [0x00000000e0000000,0x00000000e0000000,0x00000000ed800000)
  from space 123392K, 99% used [0x00000000f7980000,0x00000000ff1ff448,0x00000000ff200000)
  to   space 151552K, 0% used [0x00000000ed800000,0x00000000ed800000,0x00000000f6c00000)
 ParOldGen       total 273920K, used 159636K [0x00000000a0000000, 0x00000000b0b80000, 0x00000000e0000000)
  object space 273920K, 58% used [0x00000000a0000000,0x00000000a9be52e0,0x00000000b0b80000)
 Metaspace       used 137698K, capacity 145788K, committed 146048K, reserved 1177600K
  class space    used 16976K, capacity 18481K, committed 18560K, reserved 1048576K
}
Event: 10557.599 GC heap before
{Heap before GC invocations=79 (full 6):
 PSYoungGen      total 344576K, used 344573K [0x00000000e0000000, 0x0000000100000000, 0x0000000100000000)
  eden space 221184K, 100% used [0x00000000e0000000,0x00000000ed800000,0x00000000ed800000)
  from space 123392K, 99% used [0x00000000f7980000,0x00000000ff1ff448,0x00000000ff200000)
  to   space 151552K, 0% used [0x00000000ed800000,0x00000000ed800000,0x00000000f6c00000)
 ParOldGen       total 273920K, used 159636K [0x00000000a0000000, 0x00000000b0b80000, 0x00000000e0000000)
  object space 273920K, 58% used [0x00000000a0000000,0x00000000a9be52e0,0x00000000b0b80000)
 Metaspace       used 137738K, capacity 145788K, committed 146048K, reserved 1177600K
  class space    used 16977K, capacity 18481K, committed 18560K, reserved 1048576K
Event: 10557.790 GC heap after
Heap after GC invocations=79 (full 6):
 PSYoungGen      total 313856K, used 92404K [0x00000000e0000000, 0x0000000100000000, 0x0000000100000000)
  eden space 221184K, 0% used [0x00000000e0000000,0x00000000e0000000,0x00000000ed800000)
  from space 92672K, 99% used [0x00000000ed800000,0x00000000f323d070,0x00000000f3280000)
  to   space 157696K, 0% used [0x00000000f6600000,0x00000000f6600000,0x0000000100000000)
 ParOldGen       total 273920K, used 159688K [0x00000000a0000000, 0x00000000b0b80000, 0x00000000e0000000)
  object space 273920K, 58% used [0x00000000a0000000,0x00000000a9bf22f0,0x00000000b0b80000)
 Metaspace       used 137738K, capacity 145788K, committed 146048K, reserved 1177600K
  class space    used 16977K, capacity 18481K, committed 18560K, reserved 1048576K
}
Event: 10561.323 GC heap before
{Heap before GC invocations=80 (full 6):
 PSYoungGen      total 313856K, used 313588K [0x00000000e0000000, 0x0000000100000000, 0x0000000100000000)
  eden space 221184K, 100% used [0x00000000e0000000,0x00000000ed800000,0x00000000ed800000)
  from space 92672K, 99% used [0x00000000ed800000,0x00000000f323d070,0x00000000f3280000)
  to   space 157696K, 0% used [0x00000000f6600000,0x00000000f6600000,0x0000000100000000)
 ParOldGen       total 273920K, used 159688K [0x00000000a0000000, 0x00000000b0b80000, 0x00000000e0000000)
  object space 273920K, 58% used [0x00000000a0000000,0x00000000a9bf22f0,0x00000000b0b80000)
 Metaspace       used 137866K, capacity 146022K, committed 146304K, reserved 1177600K
  class space    used 17013K, capacity 18530K, committed 18560K, reserved 1048576K
Event: 10561.379 GC heap after
Heap after GC invocations=80 (full 6):
 PSYoungGen      total 376320K, used 47825K [0x00000000e0000000, 0x0000000100000000, 0x0000000100000000)
  eden space 218624K, 0% used [0x00000000e0000000,0x00000000e0000000,0x00000000ed580000)
  from space 157696K, 30% used [0x00000000f6600000,0x00000000f94b44c0,0x0000000100000000)
  to   space 147968K, 0% used [0x00000000ed580000,0x00000000ed580000,0x00000000f6600000)
 ParOldGen       total 273920K, used 160128K [0x00000000a0000000, 0x00000000b0b80000, 0x00000000e0000000)
  object space 273920K, 58% used [0x00000000a0000000,0x00000000a9c602f0,0x00000000b0b80000)
 Metaspace       used 137866K, capacity 146022K, committed 146304K, reserved 1177600K
  class space    used 17013K, capacity 18530K, committed 18560K, reserved 1048576K
}
Event: 11366.288 GC heap before
{Heap before GC invocations=81 (full 6):
 PSYoungGen      total 376320K, used 266449K [0x00000000e0000000, 0x0000000100000000, 0x0000000100000000)
  eden space 218624K, 100% used [0x00000000e0000000,0x00000000ed580000,0x00000000ed580000)
  from space 157696K, 30% used [0x00000000f6600000,0x00000000f94b44c0,0x0000000100000000)
  to   space 147968K, 0% used [0x00000000ed580000,0x00000000ed580000,0x00000000f6600000)
 ParOldGen       total 273920K, used 160128K [0x00000000a0000000, 0x00000000b0b80000, 0x00000000e0000000)
  object space 273920K, 58% used [0x00000000a0000000,0x00000000a9c602f0,0x00000000b0b80000)
 Metaspace       used 137912K, capacity 146042K, committed 146304K, reserved 1177600K
  class space    used 17021K, capacity 18540K, committed 18560K, reserved 1048576K
Event: 11366.475 GC heap after
Heap after GC invocations=81 (full 6):
 PSYoungGen      total 254976K, used 35890K [0x00000000e0000000, 0x00000000fe880000, 0x0000000100000000)
  eden space 218624K, 0% used [0x00000000e0000000,0x00000000e0000000,0x00000000ed580000)
  from space 36352K, 98% used [0x00000000ed580000,0x00000000ef88cbc0,0x00000000ef900000)
  to   space 140800K, 0% used [0x00000000f5f00000,0x00000000f5f00000,0x00000000fe880000)
 ParOldGen       total 273920K, used 166467K [0x00000000a0000000, 0x00000000b0b80000, 0x00000000e0000000)
  object space 273920K, 60% used [0x00000000a0000000,0x00000000aa290ed8,0x00000000b0b80000)
 Metaspace       used 137912K, capacity 146042K, committed 146304K, reserved 1177600K
  class space    used 17021K, capacity 18540K, committed 18560K, reserved 1048576K
}

